<?xml version='1.0' encoding='UTF-8'?>
<testsuite hostname="192.168.1.145" name="SpaceAgeTest" tests="8" errors="0" failures="0" skipped="7" time="0.012" timestamp="2022-04-13T13:38:34">
          <properties>
      <property name="java.specification.version" value="17"/><property name="sun.jnu.encoding" value="UTF-8"/><property name="sun.arch.data.model" value="64"/><property name="java.vendor.url" value="https://adoptium.net/"/><property name="sun.boot.library.path" value="/Users/victor620/.sdkman/candidates/java/17.0.2-tem/lib"/><property name="sun.java.command" value="/Users/victor620/.sdkman/candidates/sbt/1.6.2/bin/sbt-launch.jar test"/><property name="jdk.debug" value="release"/><property name="sun.stderr.encoding" value="UTF-8"/><property name="java.specification.vendor" value="Oracle Corporation"/><property name="java.version.date" value="2022-01-18"/><property name="java.home" value="/Users/victor620/.sdkman/candidates/java/17.0.2-tem"/><property name="file.separator" value="/"/><property name="java.vm.compressedOopsMode" value="Zero based"/><property name="line.separator" value="
"/><property name="sun.stdout.encoding" value="UTF-8"/><property name="java.vm.specification.vendor" value="Oracle Corporation"/><property name="java.specification.name" value="Java Platform API Specification"/><property name="sun.management.compiler" value="HotSpot 64-Bit Tiered Compilers"/><property name="java.runtime.version" value="17.0.2+8"/><property name="user.name" value="victor620"/><property name="log4j.ignoreTCL" value="true"/><property name="file.encoding" value="UTF-8"/><property name="java.vendor.version" value="Temurin-17.0.2+8"/><property name="java.io.tmpdir" value="/var/folders/jw/ngx7t0wn2930t1rsb2w83j500000gn/T/"/><property name="java.version" value="17.0.2"/><property name="java.vm.specification.name" value="Java Virtual Machine Specification"/><property name="native.encoding" value="UTF-8"/><property name="java.library.path" value="/Users/victor620/Library/Java/Extensions:/Library/Java/Extensions:/Network/Library/Java/Extensions:/System/Library/Java/Extensions:/usr/lib/java:."/><property name="java.vendor" value="Eclipse Adoptium"/><property name="scala.ext.dirs" value="/Users/victor620/.sbt/1.0/java9-rt-ext-eclipse_adoptium_17_0_2"/><property name="sun.io.unicode.encoding" value="UnicodeBig"/><property name="socksNonProxyHosts" value="local|*.local|169.254/16|*.169.254/16"/><property name="java.class.path" value="/Users/victor620/.sdkman/candidates/sbt/1.6.2/bin/sbt-launch.jar"/><property name="java.vm.vendor" value="Eclipse Adoptium"/><property name="jline.shutdownhook" value="false"/><property name="user.timezone" value="Europe/London"/><property name="java.vm.specification.version" value="17"/><property name="os.name" value="Mac OS X"/><property name="sun.java.launcher" value="SUN_STANDARD"/><property name="user.country" value="GB"/><property name="http.nonProxyHosts" value="local|*.local|169.254/16|*.169.254/16"/><property name="sun.cpu.endian" value="little"/><property name="user.home" value="/Users/victor620"/><property name="user.language" value="en"/><property name="sbt.script" value="/Users/victor620/.sdkman/candidates/sbt/current/bin/sbt"/><property name="swoval.tmpdir" value="/Users/victor620/.sbt/1.0"/><property name="jline.esc.timeout" value="0"/><property name="ftp.nonProxyHosts" value="local|*.local|169.254/16|*.169.254/16"/><property name="path.separator" value=":"/><property name="os.version" value="12.3.1"/><property name="jna.nosys" value="true"/><property name="java.runtime.name" value="OpenJDK Runtime Environment"/><property name="java.vm.name" value="OpenJDK 64-Bit Server VM"/><property name="java.vendor.url.bug" value="https://github.com/adoptium/adoptium-support/issues"/><property name="user.dir" value="/Users/victor620/Exercism/scala/space-age"/><property name="os.arch" value="aarch64"/><property name="java.vm.info" value="mixed mode"/><property name="java.vm.version" value="17.0.2+8"/><property name="java.class.version" value="61.0"/>
    </properties>
          <testcase classname="SpaceAgeTest" name="age on Earth" time="0.01">
                      
                    </testcase><testcase classname="SpaceAgeTest" name="age on Mercury" time="0.001">
                      <skipped/>
                    </testcase><testcase classname="SpaceAgeTest" name="age on Venus" time="0.0">
                      <skipped/>
                    </testcase><testcase classname="SpaceAgeTest" name="age on Mars" time="0.0">
                      <skipped/>
                    </testcase><testcase classname="SpaceAgeTest" name="age on Jupiter" time="0.0">
                      <skipped/>
                    </testcase><testcase classname="SpaceAgeTest" name="age on Saturn" time="0.001">
                      <skipped/>
                    </testcase><testcase classname="SpaceAgeTest" name="age on Uranus" time="0.0">
                      <skipped/>
                    </testcase><testcase classname="SpaceAgeTest" name="age on Neptune" time="0.0">
                      <skipped/>
                    </testcase>
          <system-out><![CDATA[]]></system-out>
          <system-err><![CDATA[]]></system-err>
        </testsuite>